# JRE version: OpenJDK Runtime Environment Temurin-17.0.6+10 (17.0.6+10) (build 17.0.6+10)
# Java VM: OpenJDK 64-Bit Server VM Temurin-17.0.6+10 (17.0.6+10, mixed mode, tiered, compressed oops, compressed class ptrs, parallel gc, windows-amd64)
GC Precious Log:
 CPUs: 4 total, 4 available
 Memory: 3857M
 Large Page Support: Disabled
 NUMA Support: Disabled
 Compressed Oops: Enabled (32-bit)
 Alignments: Space 512K, Generation 512K, Heap 2M
 Heap Min Capacity: 100M
 Heap Initial Capacity: 100M
 Heap Max Capacity: 1G
 Pre-touch: Disabled
 Parallel Workers: 4
Heap:
 PSYoungGen      total 22016K, used 8204K [0x00000000eab00000, 0x00000000ec200000, 0x0000000100000000)
  eden space 20480K, 35% used [0x00000000eab00000,0x00000000eb207328,0x00000000ebf00000)
  from space 1536K, 65% used [0x00000000ebf00000,0x00000000ebffc010,0x00000000ec080000)
  to   space 1536K, 0% used [0x00000000ec080000,0x00000000ec080000,0x00000000ec200000)
 ParOldGen       total 68608K, used 27691K [0x00000000c0000000, 0x00000000c4300000, 0x00000000eab00000)
  object space 68608K, 40% used [0x00000000c0000000,0x00000000c1b0ac00,0x00000000c4300000)
 Metaspace       used 46275K, committed 46976K, reserved 1097728K
  class space    used 4612K, committed 4928K, reserved 1048576K
GC Heap History (20 events):
Event: 17.193 GC heap before
{Heap before GC invocations=14 (full 2):
 PSYoungGen      total 25088K, used 24672K [0x00000000eab00000, 0x00000000ec600000, 0x0000000100000000)
  eden space 22528K, 100% used [0x00000000eab00000,0x00000000ec100000,0x00000000ec100000)
  from space 2560K, 83% used [0x00000000ec200000,0x00000000ec418010,0x00000000ec480000)
  to   space 1536K, 0% used [0x00000000ec480000,0x00000000ec480000,0x00000000ec600000)
 ParOldGen       total 68608K, used 13095K [0x00000000c0000000, 0x00000000c4300000, 0x00000000eab00000)
  object space 68608K, 19% used [0x00000000c0000000,0x00000000c0cc9ee8,0x00000000c4300000)
 Metaspace       used 35525K, committed 36224K, reserved 1081344K
  class space    used 3592K, committed 3904K, reserved 1048576K
}
Event: 17.200 GC heap after
{Heap after GC invocations=14 (full 2):
 PSYoungGen      total 22016K, used 1536K [0x00000000eab00000, 0x00000000ecb80000, 0x0000000100000000)
  eden space 20480K, 0% used [0x00000000eab00000,0x00000000eab00000,0x00000000ebf00000)
  from space 1536K, 100% used [0x00000000ec480000,0x00000000ec600000,0x00000000ec600000)
  to   space 5632K, 0% used [0x00000000ebf00000,0x00000000ebf00000,0x00000000ec480000)
 ParOldGen       total 68608K, used 16310K [0x00000000c0000000, 0x00000000c4300000, 0x00000000eab00000)
  object space 68608K, 23% used [0x00000000c0000000,0x00000000c0fed9b8,0x00000000c4300000)
 Metaspace       used 35525K, committed 36224K, reserved 1081344K
  class space    used 3592K, committed 3904K, reserved 1048576K
}
Event: 17.414 GC heap before
{Heap before GC invocations=15 (full 2):
 PSYoungGen      total 22016K, used 22016K [0x00000000eab00000, 0x00000000ecb80000, 0x0000000100000000)
  eden space 20480K, 100% used [0x00000000eab00000,0x00000000ebf00000,0x00000000ebf00000)
  from space 1536K, 100% used [0x00000000ec480000,0x00000000ec600000,0x00000000ec600000)
  to   space 5632K, 0% used [0x00000000ebf00000,0x00000000ebf00000,0x00000000ec480000)
 ParOldGen       total 68608K, used 16310K [0x00000000c0000000, 0x00000000c4300000, 0x00000000eab00000)
  object space 68608K, 23% used [0x00000000c0000000,0x00000000c0fed9b8,0x00000000c4300000)
 Metaspace       used 35525K, committed 36224K, reserved 1081344K
  class space    used 3592K, committed 3904K, reserved 1048576K
}
Event: 17.419 GC heap after
{Heap after GC invocations=15 (full 2):
 PSYoungGen      total 23040K, used 2400K [0x00000000eab00000, 0x00000000ec600000, 0x0000000100000000)
  eden space 20480K, 0% used [0x00000000eab00000,0x00000000eab00000,0x00000000ebf00000)
  from space 2560K, 93% used [0x00000000ebf00000,0x00000000ec158010,0x00000000ec180000)
  to   space 3584K, 0% used [0x00000000ec280000,0x00000000ec280000,0x00000000ec600000)
 ParOldGen       total 68608K, used 17838K [0x00000000c0000000, 0x00000000c4300000, 0x00000000eab00000)
  object space 68608K, 26% used [0x00000000c0000000,0x00000000c116b9b8,0x00000000c4300000)
 Metaspace       used 35525K, committed 36224K, reserved 1081344K
  class space    used 3592K, committed 3904K, reserved 1048576K
}
Event: 17.545 GC heap before
{Heap before GC invocations=16 (full 2):
 PSYoungGen      total 23040K, used 22880K [0x00000000eab00000, 0x00000000ec600000, 0x0000000100000000)
  eden space 20480K, 100% used [0x00000000eab00000,0x00000000ebf00000,0x00000000ebf00000)
  from space 2560K, 93% used [0x00000000ebf00000,0x00000000ec158010,0x00000000ec180000)
  to   space 3584K, 0% used [0x00000000ec280000,0x00000000ec280000,0x00000000ec600000)
 ParOldGen       total 68608K, used 17838K [0x00000000c0000000, 0x00000000c4300000, 0x00000000eab00000)
  object space 68608K, 26% used [0x00000000c0000000,0x00000000c116b9b8,0x00000000c4300000)
 Metaspace       used 35525K, committed 36224K, reserved 1081344K
  class space    used 3592K, committed 3904K, reserved 1048576K
}
Event: 17.551 GC heap after
{Heap after GC invocations=16 (full 2):
 PSYoungGen      total 22528K, used 1952K [0x00000000eab00000, 0x00000000ec480000, 0x0000000100000000)
  eden space 20480K, 0% used [0x00000000eab00000,0x00000000eab00000,0x00000000ebf00000)
  from space 2048K, 95% used [0x00000000ec280000,0x00000000ec468000,0x00000000ec480000)
  to   space 2560K, 0% used [0x00000000ebf80000,0x00000000ebf80000,0x00000000ec200000)
 ParOldGen       total 68608K, used 20206K [0x00000000c0000000, 0x00000000c4300000, 0x00000000eab00000)
  object space 68608K, 29% used [0x00000000c0000000,0x00000000c13bb9c8,0x00000000c4300000)
 Metaspace       used 35525K, committed 36224K, reserved 1081344K
  class space    used 3592K, committed 3904K, reserved 1048576K
}
Event: 19.407 GC heap before
{Heap before GC invocations=17 (full 2):
 PSYoungGen      total 22528K, used 22432K [0x00000000eab00000, 0x00000000ec480000, 0x0000000100000000)
  eden space 20480K, 100% used [0x00000000eab00000,0x00000000ebf00000,0x00000000ebf00000)
  from space 2048K, 95% used [0x00000000ec280000,0x00000000ec468000,0x00000000ec480000)
  to   space 2560K, 0% used [0x00000000ebf80000,0x00000000ebf80000,0x00000000ec200000)
 ParOldGen       total 68608K, used 20206K [0x00000000c0000000, 0x00000000c4300000, 0x00000000eab00000)
  object space 68608K, 29% used [0x00000000c0000000,0x00000000c13bb9c8,0x00000000c4300000)
 Metaspace       used 37692K, committed 38400K, reserved 1089536K
  class space    used 3843K, committed 4160K, reserved 1048576K
}
Event: 19.413 GC heap after
{Heap after GC invocations=17 (full 2):
 PSYoungGen      total 23040K, used 2075K [0x00000000eab00000, 0x00000000ec400000, 0x0000000100000000)
  eden space 20480K, 0% used [0x00000000eab00000,0x00000000eab00000,0x00000000ebf00000)
  from space 2560K, 81% used [0x00000000ebf80000,0x00000000ec186df0,0x00000000ec200000)
  to   space 2048K, 0% used [0x00000000ec200000,0x00000000ec200000,0x00000000ec400000)
 ParOldGen       total 68608K, used 22116K [0x00000000c0000000, 0x00000000c4300000, 0x00000000eab00000)
  object space 68608K, 32% used [0x00000000c0000000,0x00000000c1599248,0x00000000c4300000)
 Metaspace       used 37692K, committed 38400K, reserved 1089536K
  class space    used 3843K, committed 4160K, reserved 1048576K
}
Event: 20.832 GC heap before
{Heap before GC invocations=18 (full 2):
 PSYoungGen      total 23040K, used 22555K [0x00000000eab00000, 0x00000000ec400000, 0x0000000100000000)
  eden space 20480K, 100% used [0x00000000eab00000,0x00000000ebf00000,0x00000000ebf00000)
  from space 2560K, 81% used [0x00000000ebf80000,0x00000000ec186df0,0x00000000ec200000)
  to   space 2048K, 0% used [0x00000000ec200000,0x00000000ec200000,0x00000000ec400000)
 ParOldGen       total 68608K, used 22116K [0x00000000c0000000, 0x00000000c4300000, 0x00000000eab00000)
  object space 68608K, 32% used [0x00000000c0000000,0x00000000c1599248,0x00000000c4300000)
 Metaspace       used 39146K, committed 39808K, reserved 1089536K
  class space    used 3998K, committed 4288K, reserved 1048576K
}
Event: 20.838 GC heap after
{Heap after GC invocations=18 (full 2):
 PSYoungGen      total 20992K, used 352K [0x00000000eab00000, 0x00000000ec280000, 0x0000000100000000)
  eden space 20480K, 0% used [0x00000000eab00000,0x00000000eab00000,0x00000000ebf00000)
  from space 512K, 68% used [0x00000000ec200000,0x00000000ec258000,0x00000000ec280000)
  to   space 1024K, 0% used [0x00000000ec080000,0x00000000ec080000,0x00000000ec180000)
 ParOldGen       total 68608K, used 24106K [0x00000000c0000000, 0x00000000c4300000, 0x00000000eab00000)
  object space 68608K, 35% used [0x00000000c0000000,0x00000000c178aa18,0x00000000c4300000)
 Metaspace       used 39146K, committed 39808K, reserved 1089536K
  class space    used 3998K, committed 4288K, reserved 1048576K
}
Event: 21.721 GC heap before
{Heap before GC invocations=19 (full 2):
 PSYoungGen      total 20992K, used 20832K [0x00000000eab00000, 0x00000000ec280000, 0x0000000100000000)
  eden space 20480K, 100% used [0x00000000eab00000,0x00000000ebf00000,0x00000000ebf00000)
  from space 512K, 68% used [0x00000000ec200000,0x00000000ec258000,0x00000000ec280000)
  to   space 1024K, 0% used [0x00000000ec080000,0x00000000ec080000,0x00000000ec180000)
 ParOldGen       total 68608K, used 24106K [0x00000000c0000000, 0x00000000c4300000, 0x00000000eab00000)
  object space 68608K, 35% used [0x00000000c0000000,0x00000000c178aa18,0x00000000c4300000)
 Metaspace       used 41081K, committed 41792K, reserved 1089536K
  class space    used 4189K, committed 4480K, reserved 1048576K
}
Event: 21.724 GC heap after
{Heap after GC invocations=19 (full 2):
 PSYoungGen      total 21504K, used 864K [0x00000000eab00000, 0x00000000ec280000, 0x0000000100000000)
  eden space 20480K, 0% used [0x00000000eab00000,0x00000000eab00000,0x00000000ebf00000)
  from space 1024K, 84% used [0x00000000ec080000,0x00000000ec158000,0x00000000ec180000)
  to   space 1024K, 0% used [0x00000000ec180000,0x00000000ec180000,0x00000000ec280000)
 ParOldGen       total 68608K, used 24370K [0x00000000c0000000, 0x00000000c4300000, 0x00000000eab00000)
  object space 68608K, 35% used [0x00000000c0000000,0x00000000c17cca18,0x00000000c4300000)
 Metaspace       used 41081K, committed 41792K, reserved 1089536K
  class space    used 4189K, committed 4480K, reserved 1048576K
}
Event: 23.758 GC heap before
{Heap before GC invocations=20 (full 2):
 PSYoungGen      total 21504K, used 21344K [0x00000000eab00000, 0x00000000ec280000, 0x0000000100000000)
  eden space 20480K, 100% used [0x00000000eab00000,0x00000000ebf00000,0x00000000ebf00000)
  from space 1024K, 84% used [0x00000000ec080000,0x00000000ec158000,0x00000000ec180000)
  to   space 1024K, 0% used [0x00000000ec180000,0x00000000ec180000,0x00000000ec280000)
 ParOldGen       total 68608K, used 24370K [0x00000000c0000000, 0x00000000c4300000, 0x00000000eab00000)
  object space 68608K, 35% used [0x00000000c0000000,0x00000000c17cca18,0x00000000c4300000)
 Metaspace       used 43660K, committed 44288K, reserved 1089536K
  class space    used 4404K, committed 4672K, reserved 1048576K
}
Event: 23.764 GC heap after
{Heap after GC invocations=20 (full 2):
 PSYoungGen      total 21504K, used 1018K [0x00000000eab00000, 0x00000000ec400000, 0x0000000100000000)
  eden space 20480K, 0% used [0x00000000eab00000,0x00000000eab00000,0x00000000ebf00000)
  from space 1024K, 99% used [0x00000000ec180000,0x00000000ec27e860,0x00000000ec280000)
  to   space 2560K, 0% used [0x00000000ebf00000,0x00000000ebf00000,0x00000000ec180000)
 ParOldGen       total 68608K, used 25594K [0x00000000c0000000, 0x00000000c4300000, 0x00000000eab00000)
  object space 68608K, 37% used [0x00000000c0000000,0x00000000c18fea98,0x00000000c4300000)
 Metaspace       used 43660K, committed 44288K, reserved 1089536K
  class space    used 4404K, committed 4672K, reserved 1048576K
}
Event: 25.350 GC heap before
{Heap before GC invocations=21 (full 2):
 PSYoungGen      total 21504K, used 21498K [0x00000000eab00000, 0x00000000ec400000, 0x0000000100000000)
  eden space 20480K, 100% used [0x00000000eab00000,0x00000000ebf00000,0x00000000ebf00000)
  from space 1024K, 99% used [0x00000000ec180000,0x00000000ec27e860,0x00000000ec280000)
  to   space 2560K, 0% used [0x00000000ebf00000,0x00000000ebf00000,0x00000000ec180000)
 ParOldGen       total 68608K, used 25594K [0x00000000c0000000, 0x00000000c4300000, 0x00000000eab00000)
  object space 68608K, 37% used [0x00000000c0000000,0x00000000c18fea98,0x00000000c4300000)
 Metaspace       used 44258K, committed 44992K, reserved 1097728K
  class space    used 4452K, committed 4736K, reserved 1048576K
}
Event: 25.354 GC heap after
{Heap after GC invocations=21 (full 2):
 PSYoungGen      total 22528K, used 1817K [0x00000000eab00000, 0x00000000ec300000, 0x0000000100000000)
  eden space 20480K, 0% used [0x00000000eab00000,0x00000000eab00000,0x00000000ebf00000)
  from space 2048K, 88% used [0x00000000ebf00000,0x00000000ec0c6620,0x00000000ec100000)
  to   space 2048K, 0% used [0x00000000ec100000,0x00000000ec100000,0x00000000ec300000)
 ParOldGen       total 68608K, used 26555K [0x00000000c0000000, 0x00000000c4300000, 0x00000000eab00000)
  object space 68608K, 38% used [0x00000000c0000000,0x00000000c19eef50,0x00000000c4300000)
 Metaspace       used 44258K, committed 44992K, reserved 1097728K
  class space    used 4452K, committed 4736K, reserved 1048576K
}
Event: 25.798 GC heap before
{Heap before GC invocations=22 (full 2):
 PSYoungGen      total 22528K, used 22297K [0x00000000eab00000, 0x00000000ec300000, 0x0000000100000000)
  eden space 20480K, 100% used [0x00000000eab00000,0x00000000ebf00000,0x00000000ebf00000)
  from space 2048K, 88% used [0x00000000ebf00000,0x00000000ec0c6620,0x00000000ec100000)
  to   space 2048K, 0% used [0x00000000ec100000,0x00000000ec100000,0x00000000ec300000)
 ParOldGen       total 68608K, used 26555K [0x00000000c0000000, 0x00000000c4300000, 0x00000000eab00000)
  object space 68608K, 38% used [0x00000000c0000000,0x00000000c19eef50,0x00000000c4300000)
 Metaspace       used 44291K, committed 44992K, reserved 1097728K
  class space    used 4452K, committed 4736K, reserved 1048576K
}
Event: 25.801 GC heap after
{Heap after GC invocations=22 (full 2):
 PSYoungGen      total 21504K, used 525K [0x00000000eab00000, 0x00000000ec200000, 0x0000000100000000)
  eden space 20480K, 0% used [0x00000000eab00000,0x00000000eab00000,0x00000000ebf00000)
  from space 1024K, 51% used [0x00000000ec100000,0x00000000ec1836c8,0x00000000ec200000)
  to   space 1536K, 0% used [0x00000000ebf00000,0x00000000ebf00000,0x00000000ec080000)
 ParOldGen       total 68608K, used 27683K [0x00000000c0000000, 0x00000000c4300000, 0x00000000eab00000)
  object space 68608K, 40% used [0x00000000c0000000,0x00000000c1b08c00,0x00000000c4300000)
 Metaspace       used 44291K, committed 44992K, reserved 1097728K
  class space    used 4452K, committed 4736K, reserved 1048576K
}
Event: 26.550 GC heap before
{Heap before GC invocations=23 (full 2):
 PSYoungGen      total 21504K, used 21005K [0x00000000eab00000, 0x00000000ec200000, 0x0000000100000000)
  eden space 20480K, 100% used [0x00000000eab00000,0x00000000ebf00000,0x00000000ebf00000)
  from space 1024K, 51% used [0x00000000ec100000,0x00000000ec1836c8,0x00000000ec200000)
  to   space 1536K, 0% used [0x00000000ebf00000,0x00000000ebf00000,0x00000000ec080000)
 ParOldGen       total 68608K, used 27683K [0x00000000c0000000, 0x00000000c4300000, 0x00000000eab00000)
  object space 68608K, 40% used [0x00000000c0000000,0x00000000c1b08c00,0x00000000c4300000)
 Metaspace       used 46175K, committed 46912K, reserved 1097728K
  class space    used 4610K, committed 4928K, reserved 1048576K
}
Event: 26.552 GC heap after
{Heap after GC invocations=23 (full 2):
 PSYoungGen      total 22016K, used 1008K [0x00000000eab00000, 0x00000000ec200000, 0x0000000100000000)
  eden space 20480K, 0% used [0x00000000eab00000,0x00000000eab00000,0x00000000ebf00000)
  from space 1536K, 65% used [0x00000000ebf00000,0x00000000ebffc010,0x00000000ec080000)
  to   space 1536K, 0% used [0x00000000ec080000,0x00000000ec080000,0x00000000ec200000)
 ParOldGen       total 68608K, used 27691K [0x00000000c0000000, 0x00000000c4300000, 0x00000000eab00000)
  object space 68608K, 40% used [0x00000000c0000000,0x00000000c1b0ac00,0x00000000c4300000)
 Metaspace       used 46175K, committed 46912K, reserved 1097728K
  class space    used 4610K, committed 4928K, reserved 1048576K
}

